生成启动时间为 2019/2/10 14:31:43。
     1>项目“E:\vs2013程序\ConsoleApplication17\ConsoleApplication17\ConsoleApplication17.vcxproj”在节点 2 上(Build 个目标)。
     1>ClCompile:
         E:\vs2013\VC\bin\CL.exe /c /ZI /nologo /W3 /WX- /sdl /Od /Oy- /D WIN32 /D _DEBUG /D _CONSOLE /D _LIB /D _UNICODE /D UNICODE /Gm /EHsc /RTC1 /MDd /GS /fp:precise /Zc:wchar_t /Zc:forScope /Yu"stdafx.h" /Fp"Debug\ConsoleApplication17.pch" /Fo"Debug\\" /Fd"Debug\vc120.pdb" /Gd /TP /analyze- /errorReport:prompt ConsoleApplication17.cpp
         ConsoleApplication17.cpp
     1>e:\vs2013程序\consoleapplication17\consoleapplication17\consoleapplication17.cpp(240): warning C4018: “<”: 有符号/无符号不匹配
     1>e:\vs2013程序\consoleapplication17\consoleapplication17\consoleapplication17.cpp(510): warning C4018: “<”: 有符号/无符号不匹配
     1>e:\vs2013程序\consoleapplication17\consoleapplication17\consoleapplication17.cpp(522): warning C4018: “<”: 有符号/无符号不匹配
     1>e:\vs2013程序\consoleapplication17\consoleapplication17\consoleapplication17.cpp(855): warning C4018: “<”: 有符号/无符号不匹配
     1>e:\vs2013程序\consoleapplication17\consoleapplication17\consoleapplication17.cpp(1004): warning C4018: “<”: 有符号/无符号不匹配
     1>e:\vs2013程序\consoleapplication17\consoleapplication17\consoleapplication17.cpp(1007): warning C4018: “<”: 有符号/无符号不匹配
     1>e:\vs2013程序\consoleapplication17\consoleapplication17\consoleapplication17.cpp(1040): warning C4018: “<”: 有符号/无符号不匹配
     1>e:\vs2013程序\consoleapplication17\consoleapplication17\consoleapplication17.cpp(1067): warning C4018: “<”: 有符号/无符号不匹配
     1>e:\vs2013程序\consoleapplication17\consoleapplication17\consoleapplication17.cpp(1075): warning C4018: “<”: 有符号/无符号不匹配
       Link:
         E:\vs2013\VC\bin\link.exe /ERRORREPORT:PROMPT /OUT:"E:\vs2013程序\ConsoleApplication17\Debug\ConsoleApplication17.exe" /INCREMENTAL /NOLOGO kernel32.lib user32.lib gdi32.lib winspool.lib comdlg32.lib advapi32.lib shell32.lib ole32.lib oleaut32.lib uuid.lib odbc32.lib odbccp32.lib /MANIFEST /MANIFESTUAC:"level='asInvoker' uiAccess='false'" /manifest:embed /DEBUG /PDB:"E:\vs2013程序\ConsoleApplication17\Debug\ConsoleApplication17.pdb" /SUBSYSTEM:CONSOLE /TLBID:1 /DYNAMICBASE /NXCOMPAT /IMPLIB:"E:\vs2013程序\ConsoleApplication17\Debug\ConsoleApplication17.lib" /MACHINE:X86 Debug\ConsoleApplication17.obj
         Debug\stdafx.obj
         ConsoleApplication17.vcxproj -> E:\vs2013程序\ConsoleApplication17\Debug\ConsoleApplication17.exe
     1>已完成生成项目“E:\vs2013程序\ConsoleApplication17\ConsoleApplication17\ConsoleApplication17.vcxproj”(Build 个目标)的操作。

生成成功。

已用时间 00:00:01.62
